*** Starting uWSGI 2.0.18 (64bit) on [Mon Nov 23 16:30:21 2020] ***
compiled with version: 7.5.0 on 10 March 2020 05:06:23
os: Linux-5.4.0-49-generic #53~18.04.1-Ubuntu SMP Mon Sep 21 14:12:39 UTC 2020
nodename: tedu
machine: x86_64
clock source: unix
detected number of CPU cores: 4
current working directory: /home/tarena/AID2008/month04/django_part/day08/mysite8/mysite8
writing pidfile to uwsgi.pid
detected binary path: /usr/local/bin/uwsgi
!!! no internal routing support, rebuild with pcre support !!!
uWSGI running as root, you can use --uid/--gid/--chroot options
*** WARNING: you are running uWSGI as root !!! (use the --uid flag) *** 
chdir() to /home/tarena/AID2008/month04/django_part/day08/mysite8
your processes number limit is 31240
your memory page size is 4096 bytes
detected max file descriptor number: 1024
lock engine: pthread robust mutexes
thunder lock: disabled (you can enable it with --thunder-lock)
uWSGI http bound on 127.0.0.1:8000 fd 4
uwsgi socket 0 bound to TCP address 127.0.0.1:46605 (port auto-assigned) fd 3
uWSGI running as root, you can use --uid/--gid/--chroot options
*** WARNING: you are running uWSGI as root !!! (use the --uid flag) *** 
Python version: 3.6.9 (default, Jul 17 2020, 12:50:27)  [GCC 8.4.0]
Python main interpreter initialized at 0x55f4dddb1bf0
uWSGI running as root, you can use --uid/--gid/--chroot options
*** WARNING: you are running uWSGI as root !!! (use the --uid flag) *** 
python threads support enabled
your server socket listen backlog is limited to 100 connections
your mercy for graceful operations on workers is 60 seconds
mapped 166752 bytes (162 KB) for 2 cores
*** Operational MODE: threaded ***
WSGI app 0 (mountpoint='') ready in 0 seconds on interpreter 0x55f4dddb1bf0 pid: 8754 (default app)
uWSGI running as root, you can use --uid/--gid/--chroot options
*** WARNING: you are running uWSGI as root !!! (use the --uid flag) *** 
*** uWSGI is running in multiple interpreter mode ***
spawned uWSGI master process (pid: 8754)
spawned uWSGI worker 1 (pid: 8756, cores: 2)
spawned uWSGI http 1 (pid: 8757)
[pid: 8756|app: 0|req: 1/1] 127.0.0.1 () {46 vars in 942 bytes} [Mon Nov 23 16:35:02 2020] GET /test_upload => generated 359 bytes in 86 msecs (HTTP/1.1 200) 3 headers in 109 bytes (1 switches on core 0)
SIGINT/SIGQUIT received...killing workers...
gateway "uWSGI http 1" has been buried (pid: 8757)
worker 1 buried after 1 seconds
goodbye to uWSGI.
*** Starting uWSGI 2.0.18 (64bit) on [Mon Nov 23 17:00:50 2020] ***
compiled with version: 7.5.0 on 10 March 2020 05:06:23
os: Linux-5.4.0-49-generic #53~18.04.1-Ubuntu SMP Mon Sep 21 14:12:39 UTC 2020
nodename: tedu
machine: x86_64
clock source: unix
detected number of CPU cores: 4
current working directory: /home/tarena/AID2008/month04/django_part/day08/mysite8/mysite8
writing pidfile to uwsgi.pid
detected binary path: /usr/local/bin/uwsgi
!!! no internal routing support, rebuild with pcre support !!!
uWSGI running as root, you can use --uid/--gid/--chroot options
*** WARNING: you are running uWSGI as root !!! (use the --uid flag) *** 
chdir() to /home/tarena/AID2008/month04/django_part/day08/mysite8
your processes number limit is 31240
your memory page size is 4096 bytes
detected max file descriptor number: 1024
lock engine: pthread robust mutexes
thunder lock: disabled (you can enable it with --thunder-lock)
uWSGI http bound on 127.0.0.1:8000 fd 4
uwsgi socket 0 bound to TCP address 127.0.0.1:36359 (port auto-assigned) fd 3
uWSGI running as root, you can use --uid/--gid/--chroot options
*** WARNING: you are running uWSGI as root !!! (use the --uid flag) *** 
Python version: 3.6.9 (default, Jul 17 2020, 12:50:27)  [GCC 8.4.0]
Python main interpreter initialized at 0x5630aac40bf0
uWSGI running as root, you can use --uid/--gid/--chroot options
*** WARNING: you are running uWSGI as root !!! (use the --uid flag) *** 
python threads support enabled
your server socket listen backlog is limited to 100 connections
your mercy for graceful operations on workers is 60 seconds
mapped 166752 bytes (162 KB) for 2 cores
*** Operational MODE: threaded ***
WSGI app 0 (mountpoint='') ready in 0 seconds on interpreter 0x5630aac40bf0 pid: 8903 (default app)
uWSGI running as root, you can use --uid/--gid/--chroot options
*** WARNING: you are running uWSGI as root !!! (use the --uid flag) *** 
*** uWSGI is running in multiple interpreter mode ***
spawned uWSGI master process (pid: 8903)
spawned uWSGI worker 1 (pid: 8905, cores: 2)
spawned uWSGI http 1 (pid: 8906)
SIGINT/SIGQUIT received...killing workers...
gateway "uWSGI http 1" has been buried (pid: 8906)
worker 1 buried after 1 seconds
goodbye to uWSGI.
